  main.cpp
C:\Program Files\Microsoft Visual Studio\2022\Community\VC\Tools\MSVC\14.37.32822\include\string_view(13): warning STL4038: The contents of <string_view> are available only with C++17 or later.
C:\Program Files\Microsoft Visual Studio\2022\Community\VC\Tools\MSVC\14.37.32822\include\xmemory(719,82): error C2512: 'Person::Person': no appropriate default constructor available
C:\Program Files\Microsoft Visual Studio\2022\Community\VC\Tools\MSVC\14.37.32822\include\xmemory(719,82): message : while trying to match the argument list '()'
C:\Program Files\Microsoft Visual Studio\2022\Community\VC\Tools\MSVC\14.37.32822\include\xmemory(1802,35): message : see reference to function template instantiation 'void std::_Default_allocator_traits<_Alloc>::construct<_Ty,>(_Alloc &,_Objty *const )' being compiled
          with
          [
              _Alloc=std::allocator<Person>,
              _Ty=Person,
              _Objty=Person
          ]
C:\Program Files\Microsoft Visual Studio\2022\Community\VC\Tools\MSVC\14.37.32822\include\xmemory(2042,17): message : see reference to function template instantiation 'void std::_Uninitialized_backout_al<std::allocator<Person>>::_Emplace_back<>(void)' being compiled
C:\Program Files\Microsoft Visual Studio\2022\Community\VC\Tools\MSVC\14.37.32822\include\vector(2069,36): message : see reference to function template instantiation 'Person *std::_Uninitialized_value_construct_n<std::allocator<Person>>(Person *,unsigned __int64,_Alloc &)' being compiled
          with
          [
              _Alloc=std::allocator<Person>
          ]
C:\Program Files\Microsoft Visual Studio\2022\Community\VC\Tools\MSVC\14.37.32822\include\vector(620,9): message : see reference to function template instantiation 'void std::vector<Person,std::allocator<Person>>::_Construct_n<>(const unsigned __int64)' being compiled
C:\Program Files\Microsoft Visual Studio\2022\Community\VC\Tools\MSVC\14.37.32822\include\vector(618,5): message : while compiling class template member function 'std::vector<Person,std::allocator<Person>>::vector(const unsigned __int64,const _Alloc &)'
          with
          [
              _Alloc=std::allocator<Person>
          ]
C:\Users\Sandor\Desktop\prcpp\cpprepos\Project3\Project3\main.cpp(24,24): message : see the first reference to 'std::vector<Person,std::allocator<Person>>::vector' in 'main'
C:\Users\Sandor\Desktop\prcpp\cpprepos\Project3\Project3\main.cpp(24,22): message : see reference to class template instantiation 'std::vector<Person,std::allocator<Person>>' being compiled
